<?xml version="1.0" encoding="UTF-8"?>
<testsuite xmlns:xsi="http://www.w3.org/2001/XMLSchema-instance" xsi:noNamespaceSchemaLocation="https://maven.apache.org/surefire/maven-surefire-plugin/xsd/surefire-test-report.xsd" name="selenium.ExampleSeleniumTest" time="12.69" tests="3" errors="0" skipped="0" failures="0">
  <properties>
[...]
</properties>
  <testcase name="test1" classname="selenium.ExampleSeleniumTest" time="5.911"/>
  <testcase name="test2" classname="selenium.ExampleSeleniumTest" time="3.383"/>
  <testcase name="test3" classname="selenium.ExampleSeleniumTest" time="3.385"/>
</testsuite>